2021-07-02 16:15:05,602 [Worker-4: Loading available Gradle versions] INFO  o.e.b.c.i.u.g.PublishedGradleVersions - Gradle version information cache is up-to-date. Trying to read.
2021-07-02 22:12:16,688 [Worker-0: Loading available Gradle versions] INFO  o.e.b.c.i.u.g.PublishedGradleVersions - Gradle version information cache is up-to-date. Trying to read.
2021-07-02 22:13:01,370 [Worker-3: Importing Maven projects] INFO  o.e.m.c.i.l.LifecycleMappingFactory - Using org.maven.ide.eclipse.wtp.WarLifecycleMapping lifecycle mapping for MavenProject: KeepMyPet3:KeepMyPet3:0.0.1-SNAPSHOT @ C:\Users\Miguel\OneDrive\Escritorio\proyecto final\ProyectoFinal\KeepMyPet3\pom.xml.
2021-07-02 22:13:07,028 [Worker-3: Importing Maven projects] INFO  o.e.m.j.i.AbstractJavaProjectConfigurator - Adding source folder /KeepMyPet3/src/main/java
2021-07-02 22:13:07,035 [Worker-3: Importing Maven projects] INFO  o.e.m.j.i.AbstractJavaProjectConfigurator - Adding source folder /KeepMyPet3/src/test/java
2021-07-02 22:13:09,865 [Worker-3: Importing Maven projects] INFO  o.e.m.c.i.p.ProjectConfigurationManager - Imported and configured 1 project(s) in 17 sec
2021-07-02 22:13:18,150 [Worker-4: Building] WARN  o.e.m.c.i.embedder.EclipseLogger - Using platform encoding (Cp1252 actually) to copy filtered resources, i.e. build is platform dependent!
2021-07-02 22:13:18,156 [Worker-4: Building] INFO  o.e.m.c.i.embedder.EclipseLogger - skip non existing resourceDirectory C:\Users\Miguel\OneDrive\Escritorio\proyecto final\ProyectoFinal\KeepMyPet3\src\main\resources
2021-07-02 22:13:18,166 [Worker-4: Building] WARN  o.e.m.c.i.embedder.EclipseLogger - Using platform encoding (Cp1252 actually) to copy filtered resources, i.e. build is platform dependent!
2021-07-02 22:13:18,169 [Worker-4: Building] INFO  o.e.m.c.i.embedder.EclipseLogger - skip non existing resourceDirectory C:\Users\Miguel\OneDrive\Escritorio\proyecto final\ProyectoFinal\KeepMyPet3\src\test\resources
2021-07-02 22:14:23,546 [Worker-2: Building] WARN  o.e.m.c.i.embedder.EclipseLogger - Using platform encoding (Cp1252 actually) to copy filtered resources, i.e. build is platform dependent!
2021-07-02 22:14:23,549 [Worker-2: Building] INFO  o.e.m.c.i.embedder.EclipseLogger - skip non existing resourceDirectory C:\Users\Miguel\OneDrive\Escritorio\proyecto final\ProyectoFinal\KeepMyPet3\src\main\resources
2021-07-02 22:14:23,553 [Worker-2: Building] WARN  o.e.m.c.i.embedder.EclipseLogger - Using platform encoding (Cp1252 actually) to copy filtered resources, i.e. build is platform dependent!
2021-07-02 22:14:23,556 [Worker-2: Building] INFO  o.e.m.c.i.embedder.EclipseLogger - skip non existing resourceDirectory C:\Users\Miguel\OneDrive\Escritorio\proyecto final\ProyectoFinal\KeepMyPet3\src\test\resources
2021-07-02 22:17:18,703 [Worker-1: Building] WARN  o.e.m.c.i.embedder.EclipseLogger - Using platform encoding (Cp1252 actually) to copy filtered resources, i.e. build is platform dependent!
2021-07-02 22:17:18,706 [Worker-1: Building] INFO  o.e.m.c.i.embedder.EclipseLogger - skip non existing resourceDirectory C:\Users\Miguel\OneDrive\Escritorio\proyecto final\ProyectoFinal\KeepMyPet3\src\main\resources
2021-07-02 22:17:18,710 [Worker-1: Building] WARN  o.e.m.c.i.embedder.EclipseLogger - Using platform encoding (Cp1252 actually) to copy filtered resources, i.e. build is platform dependent!
2021-07-02 22:17:18,713 [Worker-1: Building] INFO  o.e.m.c.i.embedder.EclipseLogger - skip non existing resourceDirectory C:\Users\Miguel\OneDrive\Escritorio\proyecto final\ProyectoFinal\KeepMyPet3\src\test\resources
2021-07-02 22:18:49,740 [Worker-2: Building] WARN  o.e.m.c.i.embedder.EclipseLogger - Using platform encoding (Cp1252 actually) to copy filtered resources, i.e. build is platform dependent!
2021-07-02 22:18:49,743 [Worker-2: Building] INFO  o.e.m.c.i.embedder.EclipseLogger - skip non existing resourceDirectory C:\Users\Miguel\OneDrive\Escritorio\proyecto final\ProyectoFinal\KeepMyPet3\src\main\resources
2021-07-02 22:18:49,747 [Worker-2: Building] WARN  o.e.m.c.i.embedder.EclipseLogger - Using platform encoding (Cp1252 actually) to copy filtered resources, i.e. build is platform dependent!
2021-07-02 22:18:49,749 [Worker-2: Building] INFO  o.e.m.c.i.embedder.EclipseLogger - skip non existing resourceDirectory C:\Users\Miguel\OneDrive\Escritorio\proyecto final\ProyectoFinal\KeepMyPet3\src\test\resources
2021-07-02 22:20:16,821 [Worker-0: Building] WARN  o.e.m.c.i.embedder.EclipseLogger - Using platform encoding (Cp1252 actually) to copy filtered resources, i.e. build is platform dependent!
2021-07-02 22:20:16,824 [Worker-0: Building] INFO  o.e.m.c.i.embedder.EclipseLogger - skip non existing resourceDirectory C:\Users\Miguel\OneDrive\Escritorio\proyecto final\ProyectoFinal\KeepMyPet3\src\main\resources
2021-07-02 22:20:16,828 [Worker-0: Building] WARN  o.e.m.c.i.embedder.EclipseLogger - Using platform encoding (Cp1252 actually) to copy filtered resources, i.e. build is platform dependent!
2021-07-02 22:20:16,831 [Worker-0: Building] INFO  o.e.m.c.i.embedder.EclipseLogger - skip non existing resourceDirectory C:\Users\Miguel\OneDrive\Escritorio\proyecto final\ProyectoFinal\KeepMyPet3\src\test\resources
2021-07-02 22:20:24,558 [Worker-8: Building] WARN  o.e.m.c.i.embedder.EclipseLogger - Using platform encoding (Cp1252 actually) to copy filtered resources, i.e. build is platform dependent!
2021-07-02 22:20:24,561 [Worker-8: Building] INFO  o.e.m.c.i.embedder.EclipseLogger - skip non existing resourceDirectory C:\Users\Miguel\OneDrive\Escritorio\proyecto final\ProyectoFinal\KeepMyPet3\src\main\resources
2021-07-02 22:20:24,566 [Worker-8: Building] WARN  o.e.m.c.i.embedder.EclipseLogger - Using platform encoding (Cp1252 actually) to copy filtered resources, i.e. build is platform dependent!
2021-07-02 22:20:24,570 [Worker-8: Building] INFO  o.e.m.c.i.embedder.EclipseLogger - skip non existing resourceDirectory C:\Users\Miguel\OneDrive\Escritorio\proyecto final\ProyectoFinal\KeepMyPet3\src\test\resources
2021-07-02 22:35:11,498 [Worker-15: Building] WARN  o.e.m.c.i.embedder.EclipseLogger - Using platform encoding (Cp1252 actually) to copy filtered resources, i.e. build is platform dependent!
2021-07-02 22:35:11,506 [Worker-15: Building] INFO  o.e.m.c.i.embedder.EclipseLogger - skip non existing resourceDirectory C:\Users\Miguel\OneDrive\Escritorio\proyecto final\ProyectoFinal\KeepMyPet3\src\main\resources
2021-07-02 22:35:11,512 [Worker-15: Building] WARN  o.e.m.c.i.embedder.EclipseLogger - Using platform encoding (Cp1252 actually) to copy filtered resources, i.e. build is platform dependent!
2021-07-02 22:35:11,514 [Worker-15: Building] INFO  o.e.m.c.i.embedder.EclipseLogger - skip non existing resourceDirectory C:\Users\Miguel\OneDrive\Escritorio\proyecto final\ProyectoFinal\KeepMyPet3\src\test\resources
2021-07-02 22:41:00,061 [Worker-7: Building] WARN  o.e.m.c.i.embedder.EclipseLogger - Using platform encoding (Cp1252 actually) to copy filtered resources, i.e. build is platform dependent!
2021-07-02 22:41:00,079 [Worker-7: Building] INFO  o.e.m.c.i.embedder.EclipseLogger - skip non existing resourceDirectory C:\Users\Miguel\OneDrive\Escritorio\proyecto final\ProyectoFinal\KeepMyPet3\src\main\resources
2021-07-02 22:41:00,097 [Worker-7: Building] WARN  o.e.m.c.i.embedder.EclipseLogger - Using platform encoding (Cp1252 actually) to copy filtered resources, i.e. build is platform dependent!
2021-07-02 22:41:00,100 [Worker-7: Building] INFO  o.e.m.c.i.embedder.EclipseLogger - skip non existing resourceDirectory C:\Users\Miguel\OneDrive\Escritorio\proyecto final\ProyectoFinal\KeepMyPet3\src\test\resources
2021-07-02 22:43:35,789 [Worker-23: Building] WARN  o.e.m.c.i.embedder.EclipseLogger - Using platform encoding (Cp1252 actually) to copy filtered resources, i.e. build is platform dependent!
2021-07-02 22:43:35,792 [Worker-23: Building] INFO  o.e.m.c.i.embedder.EclipseLogger - skip non existing resourceDirectory C:\Users\Miguel\OneDrive\Escritorio\proyecto final\ProyectoFinal\KeepMyPet3\src\main\resources
2021-07-02 22:43:35,804 [Worker-23: Building] WARN  o.e.m.c.i.embedder.EclipseLogger - Using platform encoding (Cp1252 actually) to copy filtered resources, i.e. build is platform dependent!
2021-07-02 22:43:35,812 [Worker-23: Building] INFO  o.e.m.c.i.embedder.EclipseLogger - skip non existing resourceDirectory C:\Users\Miguel\OneDrive\Escritorio\proyecto final\ProyectoFinal\KeepMyPet3\src\test\resources
2021-07-02 22:44:01,307 [Worker-27: Building] WARN  o.e.m.c.i.embedder.EclipseLogger - Using platform encoding (Cp1252 actually) to copy filtered resources, i.e. build is platform dependent!
2021-07-02 22:44:01,310 [Worker-27: Building] INFO  o.e.m.c.i.embedder.EclipseLogger - skip non existing resourceDirectory C:\Users\Miguel\OneDrive\Escritorio\proyecto final\ProyectoFinal\KeepMyPet3\src\main\resources
2021-07-02 22:44:01,316 [Worker-27: Building] WARN  o.e.m.c.i.embedder.EclipseLogger - Using platform encoding (Cp1252 actually) to copy filtered resources, i.e. build is platform dependent!
2021-07-02 22:44:01,320 [Worker-27: Building] INFO  o.e.m.c.i.embedder.EclipseLogger - skip non existing resourceDirectory C:\Users\Miguel\OneDrive\Escritorio\proyecto final\ProyectoFinal\KeepMyPet3\src\test\resources
2021-07-02 22:46:58,285 [Worker-23: Building] WARN  o.e.m.c.i.embedder.EclipseLogger - Using platform encoding (Cp1252 actually) to copy filtered resources, i.e. build is platform dependent!
2021-07-02 22:46:58,289 [Worker-23: Building] INFO  o.e.m.c.i.embedder.EclipseLogger - skip non existing resourceDirectory C:\Users\Miguel\OneDrive\Escritorio\proyecto final\ProyectoFinal\KeepMyPet3\src\main\resources
2021-07-02 22:46:58,293 [Worker-23: Building] WARN  o.e.m.c.i.embedder.EclipseLogger - Using platform encoding (Cp1252 actually) to copy filtered resources, i.e. build is platform dependent!
2021-07-02 22:46:58,298 [Worker-23: Building] INFO  o.e.m.c.i.embedder.EclipseLogger - skip non existing resourceDirectory C:\Users\Miguel\OneDrive\Escritorio\proyecto final\ProyectoFinal\KeepMyPet3\src\test\resources
2021-07-02 22:50:59,471 [Worker-23: Building] WARN  o.e.m.c.i.embedder.EclipseLogger - Using platform encoding (Cp1252 actually) to copy filtered resources, i.e. build is platform dependent!
2021-07-02 22:50:59,476 [Worker-23: Building] INFO  o.e.m.c.i.embedder.EclipseLogger - skip non existing resourceDirectory C:\Users\Miguel\OneDrive\Escritorio\proyecto final\ProyectoFinal\KeepMyPet3\src\main\resources
2021-07-02 22:50:59,480 [Worker-23: Building] WARN  o.e.m.c.i.embedder.EclipseLogger - Using platform encoding (Cp1252 actually) to copy filtered resources, i.e. build is platform dependent!
2021-07-02 22:50:59,487 [Worker-23: Building] INFO  o.e.m.c.i.embedder.EclipseLogger - skip non existing resourceDirectory C:\Users\Miguel\OneDrive\Escritorio\proyecto final\ProyectoFinal\KeepMyPet3\src\test\resources
2021-07-02 22:52:49,157 [Worker-29: Building] WARN  o.e.m.c.i.embedder.EclipseLogger - Using platform encoding (Cp1252 actually) to copy filtered resources, i.e. build is platform dependent!
2021-07-02 22:52:49,161 [Worker-29: Building] INFO  o.e.m.c.i.embedder.EclipseLogger - skip non existing resourceDirectory C:\Users\Miguel\OneDrive\Escritorio\proyecto final\ProyectoFinal\KeepMyPet3\src\main\resources
2021-07-02 22:52:49,165 [Worker-29: Building] WARN  o.e.m.c.i.embedder.EclipseLogger - Using platform encoding (Cp1252 actually) to copy filtered resources, i.e. build is platform dependent!
2021-07-02 22:52:49,168 [Worker-29: Building] INFO  o.e.m.c.i.embedder.EclipseLogger - skip non existing resourceDirectory C:\Users\Miguel\OneDrive\Escritorio\proyecto final\ProyectoFinal\KeepMyPet3\src\test\resources
2021-07-02 22:53:15,133 [Worker-29: Building] WARN  o.e.m.c.i.embedder.EclipseLogger - Using platform encoding (Cp1252 actually) to copy filtered resources, i.e. build is platform dependent!
2021-07-02 22:53:15,140 [Worker-29: Building] INFO  o.e.m.c.i.embedder.EclipseLogger - skip non existing resourceDirectory C:\Users\Miguel\OneDrive\Escritorio\proyecto final\ProyectoFinal\KeepMyPet3\src\main\resources
2021-07-02 22:53:15,145 [Worker-29: Building] WARN  o.e.m.c.i.embedder.EclipseLogger - Using platform encoding (Cp1252 actually) to copy filtered resources, i.e. build is platform dependent!
2021-07-02 22:53:15,148 [Worker-29: Building] INFO  o.e.m.c.i.embedder.EclipseLogger - skip non existing resourceDirectory C:\Users\Miguel\OneDrive\Escritorio\proyecto final\ProyectoFinal\KeepMyPet3\src\test\resources
2021-07-05 14:50:39,804 [Worker-2: Loading available Gradle versions] INFO  o.e.b.c.i.u.g.PublishedGradleVersions - Gradle version information cache is out-of-date. Trying to update.
2021-07-05 14:55:59,812 [Worker-3: Loading available Gradle versions] INFO  o.e.b.c.i.u.g.PublishedGradleVersions - Gradle version information cache is up-to-date. Trying to read.
2021-07-05 15:20:36,381 [Worker-21: Building] WARN  o.e.m.c.i.embedder.EclipseLogger - Using platform encoding (Cp1252 actually) to copy filtered resources, i.e. build is platform dependent!
2021-07-05 15:20:36,390 [Worker-21: Building] INFO  o.e.m.c.i.embedder.EclipseLogger - skip non existing resourceDirectory C:\Users\Miguel\OneDrive\Escritorio\proyecto final\ProyectoFinal\KeepMyPet3\src\main\resources
2021-07-05 15:20:36,402 [Worker-21: Building] WARN  o.e.m.c.i.embedder.EclipseLogger - Using platform encoding (Cp1252 actually) to copy filtered resources, i.e. build is platform dependent!
2021-07-05 15:20:36,407 [Worker-21: Building] INFO  o.e.m.c.i.embedder.EclipseLogger - skip non existing resourceDirectory C:\Users\Miguel\OneDrive\Escritorio\proyecto final\ProyectoFinal\KeepMyPet3\src\test\resources
2021-07-05 15:20:48,719 [Worker-24: Building] WARN  o.e.m.c.i.embedder.EclipseLogger - Using platform encoding (Cp1252 actually) to copy filtered resources, i.e. build is platform dependent!
2021-07-05 15:20:48,721 [Worker-24: Building] INFO  o.e.m.c.i.embedder.EclipseLogger - skip non existing resourceDirectory C:\Users\Miguel\OneDrive\Escritorio\proyecto final\ProyectoFinal\KeepMyPet3\src\main\resources
2021-07-05 15:20:48,726 [Worker-24: Building] WARN  o.e.m.c.i.embedder.EclipseLogger - Using platform encoding (Cp1252 actually) to copy filtered resources, i.e. build is platform dependent!
2021-07-05 15:20:48,730 [Worker-24: Building] INFO  o.e.m.c.i.embedder.EclipseLogger - skip non existing resourceDirectory C:\Users\Miguel\OneDrive\Escritorio\proyecto final\ProyectoFinal\KeepMyPet3\src\test\resources
2021-07-05 15:24:39,043 [Worker-21: Building] WARN  o.e.m.c.i.embedder.EclipseLogger - Using platform encoding (Cp1252 actually) to copy filtered resources, i.e. build is platform dependent!
2021-07-05 15:24:39,046 [Worker-21: Building] INFO  o.e.m.c.i.embedder.EclipseLogger - skip non existing resourceDirectory C:\Users\Miguel\OneDrive\Escritorio\proyecto final\ProyectoFinal\KeepMyPet3\src\main\resources
2021-07-05 15:24:39,048 [Worker-21: Building] WARN  o.e.m.c.i.embedder.EclipseLogger - Using platform encoding (Cp1252 actually) to copy filtered resources, i.e. build is platform dependent!
2021-07-05 15:24:39,052 [Worker-21: Building] INFO  o.e.m.c.i.embedder.EclipseLogger - skip non existing resourceDirectory C:\Users\Miguel\OneDrive\Escritorio\proyecto final\ProyectoFinal\KeepMyPet3\src\test\resources
2021-07-05 15:31:27,776 [Worker-21: Building] WARN  o.e.m.c.i.embedder.EclipseLogger - Using platform encoding (Cp1252 actually) to copy filtered resources, i.e. build is platform dependent!
2021-07-05 15:31:27,780 [Worker-21: Building] INFO  o.e.m.c.i.embedder.EclipseLogger - skip non existing resourceDirectory C:\Users\Miguel\OneDrive\Escritorio\proyecto final\ProyectoFinal\KeepMyPet3\src\main\resources
2021-07-05 15:31:27,784 [Worker-21: Building] WARN  o.e.m.c.i.embedder.EclipseLogger - Using platform encoding (Cp1252 actually) to copy filtered resources, i.e. build is platform dependent!
2021-07-05 15:31:27,789 [Worker-21: Building] INFO  o.e.m.c.i.embedder.EclipseLogger - skip non existing resourceDirectory C:\Users\Miguel\OneDrive\Escritorio\proyecto final\ProyectoFinal\KeepMyPet3\src\test\resources
2021-07-05 15:33:22,301 [Worker-29: Building] WARN  o.e.m.c.i.embedder.EclipseLogger - Using platform encoding (Cp1252 actually) to copy filtered resources, i.e. build is platform dependent!
2021-07-05 15:33:22,306 [Worker-29: Building] INFO  o.e.m.c.i.embedder.EclipseLogger - skip non existing resourceDirectory C:\Users\Miguel\OneDrive\Escritorio\proyecto final\ProyectoFinal\KeepMyPet3\src\main\resources
2021-07-05 15:33:22,310 [Worker-29: Building] WARN  o.e.m.c.i.embedder.EclipseLogger - Using platform encoding (Cp1252 actually) to copy filtered resources, i.e. build is platform dependent!
2021-07-05 15:33:22,313 [Worker-29: Building] INFO  o.e.m.c.i.embedder.EclipseLogger - skip non existing resourceDirectory C:\Users\Miguel\OneDrive\Escritorio\proyecto final\ProyectoFinal\KeepMyPet3\src\test\resources
2021-07-05 15:34:23,383 [Worker-21: Building] WARN  o.e.m.c.i.embedder.EclipseLogger - Using platform encoding (Cp1252 actually) to copy filtered resources, i.e. build is platform dependent!
2021-07-05 15:34:23,385 [Worker-21: Building] INFO  o.e.m.c.i.embedder.EclipseLogger - skip non existing resourceDirectory C:\Users\Miguel\OneDrive\Escritorio\proyecto final\ProyectoFinal\KeepMyPet3\src\main\resources
2021-07-05 15:34:23,388 [Worker-21: Building] WARN  o.e.m.c.i.embedder.EclipseLogger - Using platform encoding (Cp1252 actually) to copy filtered resources, i.e. build is platform dependent!
2021-07-05 15:34:23,392 [Worker-21: Building] INFO  o.e.m.c.i.embedder.EclipseLogger - skip non existing resourceDirectory C:\Users\Miguel\OneDrive\Escritorio\proyecto final\ProyectoFinal\KeepMyPet3\src\test\resources
2021-07-05 15:37:10,811 [Worker-21: Building] WARN  o.e.m.c.i.embedder.EclipseLogger - Using platform encoding (Cp1252 actually) to copy filtered resources, i.e. build is platform dependent!
2021-07-05 15:37:10,815 [Worker-21: Building] INFO  o.e.m.c.i.embedder.EclipseLogger - skip non existing resourceDirectory C:\Users\Miguel\OneDrive\Escritorio\proyecto final\ProyectoFinal\KeepMyPet3\src\main\resources
2021-07-05 15:37:10,819 [Worker-21: Building] WARN  o.e.m.c.i.embedder.EclipseLogger - Using platform encoding (Cp1252 actually) to copy filtered resources, i.e. build is platform dependent!
2021-07-05 15:37:10,822 [Worker-21: Building] INFO  o.e.m.c.i.embedder.EclipseLogger - skip non existing resourceDirectory C:\Users\Miguel\OneDrive\Escritorio\proyecto final\ProyectoFinal\KeepMyPet3\src\test\resources
2021-07-05 15:37:55,080 [Worker-21: Building] WARN  o.e.m.c.i.embedder.EclipseLogger - Using platform encoding (Cp1252 actually) to copy filtered resources, i.e. build is platform dependent!
2021-07-05 15:37:55,084 [Worker-21: Building] INFO  o.e.m.c.i.embedder.EclipseLogger - skip non existing resourceDirectory C:\Users\Miguel\OneDrive\Escritorio\proyecto final\ProyectoFinal\KeepMyPet3\src\main\resources
2021-07-05 15:37:55,093 [Worker-21: Building] WARN  o.e.m.c.i.embedder.EclipseLogger - Using platform encoding (Cp1252 actually) to copy filtered resources, i.e. build is platform dependent!
2021-07-05 15:37:55,096 [Worker-21: Building] INFO  o.e.m.c.i.embedder.EclipseLogger - skip non existing resourceDirectory C:\Users\Miguel\OneDrive\Escritorio\proyecto final\ProyectoFinal\KeepMyPet3\src\test\resources
2021-07-05 15:39:09,891 [Worker-27: Building] WARN  o.e.m.c.i.embedder.EclipseLogger - Using platform encoding (Cp1252 actually) to copy filtered resources, i.e. build is platform dependent!
2021-07-05 15:39:09,901 [Worker-27: Building] INFO  o.e.m.c.i.embedder.EclipseLogger - skip non existing resourceDirectory C:\Users\Miguel\OneDrive\Escritorio\proyecto final\ProyectoFinal\KeepMyPet3\src\main\resources
2021-07-05 15:39:09,904 [Worker-27: Building] WARN  o.e.m.c.i.embedder.EclipseLogger - Using platform encoding (Cp1252 actually) to copy filtered resources, i.e. build is platform dependent!
2021-07-05 15:39:09,911 [Worker-27: Building] INFO  o.e.m.c.i.embedder.EclipseLogger - skip non existing resourceDirectory C:\Users\Miguel\OneDrive\Escritorio\proyecto final\ProyectoFinal\KeepMyPet3\src\test\resources
2021-07-05 15:40:12,570 [Worker-27: Building] WARN  o.e.m.c.i.embedder.EclipseLogger - Using platform encoding (Cp1252 actually) to copy filtered resources, i.e. build is platform dependent!
2021-07-05 15:40:12,574 [Worker-27: Building] INFO  o.e.m.c.i.embedder.EclipseLogger - skip non existing resourceDirectory C:\Users\Miguel\OneDrive\Escritorio\proyecto final\ProyectoFinal\KeepMyPet3\src\main\resources
2021-07-05 15:40:12,579 [Worker-27: Building] WARN  o.e.m.c.i.embedder.EclipseLogger - Using platform encoding (Cp1252 actually) to copy filtered resources, i.e. build is platform dependent!
2021-07-05 15:40:12,583 [Worker-27: Building] INFO  o.e.m.c.i.embedder.EclipseLogger - skip non existing resourceDirectory C:\Users\Miguel\OneDrive\Escritorio\proyecto final\ProyectoFinal\KeepMyPet3\src\test\resources
2021-07-05 15:41:32,193 [Worker-21: Building] WARN  o.e.m.c.i.embedder.EclipseLogger - Using platform encoding (Cp1252 actually) to copy filtered resources, i.e. build is platform dependent!
2021-07-05 15:41:32,196 [Worker-21: Building] INFO  o.e.m.c.i.embedder.EclipseLogger - skip non existing resourceDirectory C:\Users\Miguel\OneDrive\Escritorio\proyecto final\ProyectoFinal\KeepMyPet3\src\main\resources
2021-07-05 15:41:32,199 [Worker-21: Building] WARN  o.e.m.c.i.embedder.EclipseLogger - Using platform encoding (Cp1252 actually) to copy filtered resources, i.e. build is platform dependent!
2021-07-05 15:41:32,204 [Worker-21: Building] INFO  o.e.m.c.i.embedder.EclipseLogger - skip non existing resourceDirectory C:\Users\Miguel\OneDrive\Escritorio\proyecto final\ProyectoFinal\KeepMyPet3\src\test\resources
2021-07-05 15:42:11,866 [Worker-32: Building] WARN  o.e.m.c.i.embedder.EclipseLogger - Using platform encoding (Cp1252 actually) to copy filtered resources, i.e. build is platform dependent!
2021-07-05 15:42:11,869 [Worker-32: Building] INFO  o.e.m.c.i.embedder.EclipseLogger - skip non existing resourceDirectory C:\Users\Miguel\OneDrive\Escritorio\proyecto final\ProyectoFinal\KeepMyPet3\src\main\resources
2021-07-05 15:42:11,872 [Worker-32: Building] WARN  o.e.m.c.i.embedder.EclipseLogger - Using platform encoding (Cp1252 actually) to copy filtered resources, i.e. build is platform dependent!
2021-07-05 15:42:11,874 [Worker-32: Building] INFO  o.e.m.c.i.embedder.EclipseLogger - skip non existing resourceDirectory C:\Users\Miguel\OneDrive\Escritorio\proyecto final\ProyectoFinal\KeepMyPet3\src\test\resources
2021-07-05 15:43:00,579 [Worker-31: Building] WARN  o.e.m.c.i.embedder.EclipseLogger - Using platform encoding (Cp1252 actually) to copy filtered resources, i.e. build is platform dependent!
2021-07-05 15:43:00,581 [Worker-31: Building] INFO  o.e.m.c.i.embedder.EclipseLogger - skip non existing resourceDirectory C:\Users\Miguel\OneDrive\Escritorio\proyecto final\ProyectoFinal\KeepMyPet3\src\main\resources
2021-07-05 15:43:00,584 [Worker-31: Building] WARN  o.e.m.c.i.embedder.EclipseLogger - Using platform encoding (Cp1252 actually) to copy filtered resources, i.e. build is platform dependent!
2021-07-05 15:43:00,587 [Worker-31: Building] INFO  o.e.m.c.i.embedder.EclipseLogger - skip non existing resourceDirectory C:\Users\Miguel\OneDrive\Escritorio\proyecto final\ProyectoFinal\KeepMyPet3\src\test\resources
2021-07-05 15:46:34,246 [Worker-27: Building] WARN  o.e.m.c.i.embedder.EclipseLogger - Using platform encoding (Cp1252 actually) to copy filtered resources, i.e. build is platform dependent!
2021-07-05 15:46:34,250 [Worker-27: Building] INFO  o.e.m.c.i.embedder.EclipseLogger - skip non existing resourceDirectory C:\Users\Miguel\OneDrive\Escritorio\proyecto final\ProyectoFinal\KeepMyPet3\src\main\resources
2021-07-05 15:46:34,254 [Worker-27: Building] WARN  o.e.m.c.i.embedder.EclipseLogger - Using platform encoding (Cp1252 actually) to copy filtered resources, i.e. build is platform dependent!
2021-07-05 15:46:34,262 [Worker-27: Building] INFO  o.e.m.c.i.embedder.EclipseLogger - skip non existing resourceDirectory C:\Users\Miguel\OneDrive\Escritorio\proyecto final\ProyectoFinal\KeepMyPet3\src\test\resources
2021-07-05 15:48:57,832 [Worker-37: Building] WARN  o.e.m.c.i.embedder.EclipseLogger - Using platform encoding (Cp1252 actually) to copy filtered resources, i.e. build is platform dependent!
2021-07-05 15:48:57,835 [Worker-37: Building] INFO  o.e.m.c.i.embedder.EclipseLogger - skip non existing resourceDirectory C:\Users\Miguel\OneDrive\Escritorio\proyecto final\ProyectoFinal\KeepMyPet3\src\main\resources
2021-07-05 15:48:57,840 [Worker-37: Building] WARN  o.e.m.c.i.embedder.EclipseLogger - Using platform encoding (Cp1252 actually) to copy filtered resources, i.e. build is platform dependent!
2021-07-05 15:48:57,843 [Worker-37: Building] INFO  o.e.m.c.i.embedder.EclipseLogger - skip non existing resourceDirectory C:\Users\Miguel\OneDrive\Escritorio\proyecto final\ProyectoFinal\KeepMyPet3\src\test\resources
2021-07-05 15:55:18,497 [Worker-41: Building] WARN  o.e.m.c.i.embedder.EclipseLogger - Using platform encoding (Cp1252 actually) to copy filtered resources, i.e. build is platform dependent!
2021-07-05 15:55:18,502 [Worker-41: Building] INFO  o.e.m.c.i.embedder.EclipseLogger - skip non existing resourceDirectory C:\Users\Miguel\OneDrive\Escritorio\proyecto final\ProyectoFinal\KeepMyPet3\src\main\resources
2021-07-05 15:55:18,511 [Worker-41: Building] WARN  o.e.m.c.i.embedder.EclipseLogger - Using platform encoding (Cp1252 actually) to copy filtered resources, i.e. build is platform dependent!
2021-07-05 15:55:18,517 [Worker-41: Building] INFO  o.e.m.c.i.embedder.EclipseLogger - skip non existing resourceDirectory C:\Users\Miguel\OneDrive\Escritorio\proyecto final\ProyectoFinal\KeepMyPet3\src\test\resources
2021-07-05 15:55:39,208 [Worker-42: Building] WARN  o.e.m.c.i.embedder.EclipseLogger - Using platform encoding (Cp1252 actually) to copy filtered resources, i.e. build is platform dependent!
2021-07-05 15:55:39,212 [Worker-42: Building] INFO  o.e.m.c.i.embedder.EclipseLogger - skip non existing resourceDirectory C:\Users\Miguel\OneDrive\Escritorio\proyecto final\ProyectoFinal\KeepMyPet3\src\main\resources
2021-07-05 15:55:39,228 [Worker-42: Building] WARN  o.e.m.c.i.embedder.EclipseLogger - Using platform encoding (Cp1252 actually) to copy filtered resources, i.e. build is platform dependent!
2021-07-05 15:55:39,231 [Worker-42: Building] INFO  o.e.m.c.i.embedder.EclipseLogger - skip non existing resourceDirectory C:\Users\Miguel\OneDrive\Escritorio\proyecto final\ProyectoFinal\KeepMyPet3\src\test\resources
2021-07-05 16:08:36,504 [Worker-45: Building] WARN  o.e.m.c.i.embedder.EclipseLogger - Using platform encoding (Cp1252 actually) to copy filtered resources, i.e. build is platform dependent!
2021-07-05 16:08:36,507 [Worker-45: Building] INFO  o.e.m.c.i.embedder.EclipseLogger - skip non existing resourceDirectory C:\Users\Miguel\OneDrive\Escritorio\proyecto final\ProyectoFinal\KeepMyPet3\src\main\resources
2021-07-05 16:08:36,510 [Worker-45: Building] WARN  o.e.m.c.i.embedder.EclipseLogger - Using platform encoding (Cp1252 actually) to copy filtered resources, i.e. build is platform dependent!
2021-07-05 16:08:36,512 [Worker-45: Building] INFO  o.e.m.c.i.embedder.EclipseLogger - skip non existing resourceDirectory C:\Users\Miguel\OneDrive\Escritorio\proyecto final\ProyectoFinal\KeepMyPet3\src\test\resources
2021-07-05 16:09:06,007 [Worker-45: Building] WARN  o.e.m.c.i.embedder.EclipseLogger - Using platform encoding (Cp1252 actually) to copy filtered resources, i.e. build is platform dependent!
2021-07-05 16:09:06,011 [Worker-45: Building] INFO  o.e.m.c.i.embedder.EclipseLogger - skip non existing resourceDirectory C:\Users\Miguel\OneDrive\Escritorio\proyecto final\ProyectoFinal\KeepMyPet3\src\main\resources
2021-07-05 16:09:06,014 [Worker-45: Building] WARN  o.e.m.c.i.embedder.EclipseLogger - Using platform encoding (Cp1252 actually) to copy filtered resources, i.e. build is platform dependent!
2021-07-05 16:09:06,017 [Worker-45: Building] INFO  o.e.m.c.i.embedder.EclipseLogger - skip non existing resourceDirectory C:\Users\Miguel\OneDrive\Escritorio\proyecto final\ProyectoFinal\KeepMyPet3\src\test\resources
2021-07-05 16:10:26,623 [Worker-47: Building] WARN  o.e.m.c.i.embedder.EclipseLogger - Using platform encoding (Cp1252 actually) to copy filtered resources, i.e. build is platform dependent!
2021-07-05 16:10:26,628 [Worker-47: Building] INFO  o.e.m.c.i.embedder.EclipseLogger - skip non existing resourceDirectory C:\Users\Miguel\OneDrive\Escritorio\proyecto final\ProyectoFinal\KeepMyPet3\src\main\resources
2021-07-05 16:10:26,634 [Worker-47: Building] WARN  o.e.m.c.i.embedder.EclipseLogger - Using platform encoding (Cp1252 actually) to copy filtered resources, i.e. build is platform dependent!
2021-07-05 16:10:26,638 [Worker-47: Building] INFO  o.e.m.c.i.embedder.EclipseLogger - skip non existing resourceDirectory C:\Users\Miguel\OneDrive\Escritorio\proyecto final\ProyectoFinal\KeepMyPet3\src\test\resources
2021-07-05 16:11:04,220 [Worker-47: Building] WARN  o.e.m.c.i.embedder.EclipseLogger - Using platform encoding (Cp1252 actually) to copy filtered resources, i.e. build is platform dependent!
2021-07-05 16:11:04,223 [Worker-47: Building] INFO  o.e.m.c.i.embedder.EclipseLogger - skip non existing resourceDirectory C:\Users\Miguel\OneDrive\Escritorio\proyecto final\ProyectoFinal\KeepMyPet3\src\main\resources
2021-07-05 16:11:04,226 [Worker-47: Building] WARN  o.e.m.c.i.embedder.EclipseLogger - Using platform encoding (Cp1252 actually) to copy filtered resources, i.e. build is platform dependent!
2021-07-05 16:11:04,229 [Worker-47: Building] INFO  o.e.m.c.i.embedder.EclipseLogger - skip non existing resourceDirectory C:\Users\Miguel\OneDrive\Escritorio\proyecto final\ProyectoFinal\KeepMyPet3\src\test\resources
2021-07-05 16:11:25,339 [Worker-48: Building] WARN  o.e.m.c.i.embedder.EclipseLogger - Using platform encoding (Cp1252 actually) to copy filtered resources, i.e. build is platform dependent!
2021-07-05 16:11:25,343 [Worker-48: Building] INFO  o.e.m.c.i.embedder.EclipseLogger - skip non existing resourceDirectory C:\Users\Miguel\OneDrive\Escritorio\proyecto final\ProyectoFinal\KeepMyPet3\src\main\resources
2021-07-05 16:11:25,346 [Worker-48: Building] WARN  o.e.m.c.i.embedder.EclipseLogger - Using platform encoding (Cp1252 actually) to copy filtered resources, i.e. build is platform dependent!
2021-07-05 16:11:25,349 [Worker-48: Building] INFO  o.e.m.c.i.embedder.EclipseLogger - skip non existing resourceDirectory C:\Users\Miguel\OneDrive\Escritorio\proyecto final\ProyectoFinal\KeepMyPet3\src\test\resources
2021-07-05 16:17:22,386 [Worker-52: Building] WARN  o.e.m.c.i.embedder.EclipseLogger - Using platform encoding (Cp1252 actually) to copy filtered resources, i.e. build is platform dependent!
2021-07-05 16:17:22,389 [Worker-52: Building] INFO  o.e.m.c.i.embedder.EclipseLogger - skip non existing resourceDirectory C:\Users\Miguel\OneDrive\Escritorio\proyecto final\ProyectoFinal\KeepMyPet3\src\main\resources
2021-07-05 16:17:22,399 [Worker-52: Building] WARN  o.e.m.c.i.embedder.EclipseLogger - Using platform encoding (Cp1252 actually) to copy filtered resources, i.e. build is platform dependent!
2021-07-05 16:17:22,404 [Worker-52: Building] INFO  o.e.m.c.i.embedder.EclipseLogger - skip non existing resourceDirectory C:\Users\Miguel\OneDrive\Escritorio\proyecto final\ProyectoFinal\KeepMyPet3\src\test\resources
2021-07-05 16:18:13,242 [Worker-54: Building] WARN  o.e.m.c.i.embedder.EclipseLogger - Using platform encoding (Cp1252 actually) to copy filtered resources, i.e. build is platform dependent!
2021-07-05 16:18:13,245 [Worker-54: Building] INFO  o.e.m.c.i.embedder.EclipseLogger - skip non existing resourceDirectory C:\Users\Miguel\OneDrive\Escritorio\proyecto final\ProyectoFinal\KeepMyPet3\src\main\resources
2021-07-05 16:18:13,252 [Worker-54: Building] WARN  o.e.m.c.i.embedder.EclipseLogger - Using platform encoding (Cp1252 actually) to copy filtered resources, i.e. build is platform dependent!
2021-07-05 16:18:13,268 [Worker-54: Building] INFO  o.e.m.c.i.embedder.EclipseLogger - skip non existing resourceDirectory C:\Users\Miguel\OneDrive\Escritorio\proyecto final\ProyectoFinal\KeepMyPet3\src\test\resources
2021-07-05 16:18:32,459 [Worker-49: Building] WARN  o.e.m.c.i.embedder.EclipseLogger - Using platform encoding (Cp1252 actually) to copy filtered resources, i.e. build is platform dependent!
2021-07-05 16:18:32,462 [Worker-49: Building] INFO  o.e.m.c.i.embedder.EclipseLogger - skip non existing resourceDirectory C:\Users\Miguel\OneDrive\Escritorio\proyecto final\ProyectoFinal\KeepMyPet3\src\main\resources
2021-07-05 16:18:32,468 [Worker-49: Building] WARN  o.e.m.c.i.embedder.EclipseLogger - Using platform encoding (Cp1252 actually) to copy filtered resources, i.e. build is platform dependent!
2021-07-05 16:18:32,471 [Worker-49: Building] INFO  o.e.m.c.i.embedder.EclipseLogger - skip non existing resourceDirectory C:\Users\Miguel\OneDrive\Escritorio\proyecto final\ProyectoFinal\KeepMyPet3\src\test\resources
